[2023-02-18 23:06:26] [INFO] - (78) data_init to start thread
[2023-02-18 23:06:26] [INFO] - (87) data_init end
[2023-02-18 23:06:26] [INFO] - (35) back thread start ...
[2023-02-18 23:06:26] [INFO] - (36) sdk version: 1.1.1.1113
[2023-02-18 23:06:26] [INFO] - (116) update conf from svr
[2023-02-18 23:06:26] [INFO] - (424) get svr cnf
[2023-02-18 23:06:26] [INFO] - (132) base_info
[2023-02-18 23:06:26] [INFO] - (147) client_sign: {B9C5A58C-CCBD-5CAD-B852-E4BBD2B3A2FF}
[2023-02-18 23:06:27] [INFO] - (295) event
[2023-02-18 23:06:28] [INFO] - (150) save cnf:1
[2023-02-18 23:06:28] [INFO] - (131) update conf from svr end
[2023-02-18 23:06:28] [INFO] - (97) chk old msgs
[2023-02-18 23:06:28] [INFO] - (179) process_msgs: 0
[2023-02-18 23:06:28] [INFO] - (150) save cnf:1
[2023-02-18 23:06:28] [INFO] - (137) back thread loop start ...
[2023-02-18 23:06:28] [INFO] - (267) addtional send
[2023-02-18 23:07:28] [INFO] - (295) event
[2023-02-18 23:07:28] [INFO] - (295) event
[2023-02-18 23:07:28] [INFO] - (285) save msg to file
[2023-02-18 23:07:28] [INFO] - (285) save msg to file
[2023-02-18 23:08:24] [INFO] - (295) event
[2023-02-18 23:08:24] [INFO] - (285) save msg to file
[2023-02-18 23:08:24] [INFO] - (218) chk roll_msg size: 2048000, rev_tm: 1676137104
[2023-02-18 23:08:25] [INFO] - (295) event
[2023-02-18 23:08:25] [INFO] - (285) save msg to file
[2023-02-18 23:08:25] [INFO] - (295) event
[2023-02-18 23:08:25] [INFO] - (285) save msg to file
[2023-02-18 23:08:29] [INFO] - (295) event
[2023-02-18 23:08:29] [INFO] - (285) save msg to file
[2023-02-18 23:08:33] [INFO] - (295) event
[2023-02-18 23:08:33] [INFO] - (285) save msg to file
[2023-02-18 23:09:12] [INFO] - (295) event
[2023-02-18 23:09:12] [INFO] - (285) save msg to file
[2023-02-18 23:09:19] [INFO] - (295) event
[2023-02-18 23:09:19] [INFO] - (285) save msg to file
[2023-02-18 23:09:20] [INFO] - (295) event
[2023-02-18 23:09:20] [INFO] - (285) save msg to file
[2023-02-18 23:09:20] [INFO] - (192) to send, err: 0, gap: 1800, ok: 1676741790, send_n: 10, msg_n: 10, send_s: 204800, msg_s: 4907, tm: 1676741960
[2023-02-18 23:09:20] [WARN] - (331) repeat msg
[2023-02-18 23:09:20] [INFO] - (179) process_msgs: 1
[2023-02-18 23:09:20] [WARN] - (331) repeat msg
[2023-02-18 23:09:20] [INFO] - (227) snd old msgs: /Users/avinashbnaik/.config/Wondershare/Dr.Fone/Sparrow/backup/data/MSG_PRE_{1cc872eca3fc43808f47a73add8082ae}1676741960
[2023-02-18 23:09:22] [INFO] - (150) save cnf:1
[2023-02-18 23:11:42] [INFO] - (295) event
[2023-02-18 23:11:42] [INFO] - (295) event
[2023-02-18 23:11:42] [INFO] - (285) save msg to file
[2023-02-18 23:11:42] [INFO] - (285) save msg to file
[2023-02-18 23:11:42] [INFO] - (150) save cnf:1
[2023-02-18 23:11:44] [INFO] - (295) event
[2023-02-18 23:11:44] [INFO] - (285) save msg to file
[2023-02-18 23:11:45] [INFO] - (295) event
[2023-02-18 23:11:45] [INFO] - (285) save msg to file
[2023-02-18 23:11:45] [INFO] - (295) event
[2023-02-18 23:11:45] [INFO] - (285) save msg to file
[2023-02-18 23:11:45] [INFO] - (295) event
[2023-02-18 23:11:45] [INFO] - (285) save msg to file
[2023-02-18 23:11:45] [INFO] - (218) chk roll_msg size: 2048000, rev_tm: 605001
[2023-02-18 23:11:45] [INFO] - (295) event
[2023-02-18 23:11:45] [INFO] - (285) save msg to file
[2023-02-18 23:11:45] [INFO] - (295) event
[2023-02-18 23:11:45] [INFO] - (285) save msg to file
[2023-02-18 23:11:48] [INFO] - (295) event
[2023-02-18 23:11:48] [INFO] - (285) save msg to file
